# JRE version: OpenJDK Runtime Environment (8.0_212-b04) (build 1.8.0_212-release-1586-b04)
# Java VM: OpenJDK 64-Bit Server VM (25.212-b04 mixed mode windows-amd64 compressed oops)
Heap:
 PSYoungGen      total 408576K, used 60546K [0x00000000e0000000, 0x00000000fb980000, 0x0000000100000000)
  eden space 379392K, 8% used [0x00000000e0000000,0x00000000e1ea2d08,0x00000000f7280000)
  from space 29184K, 99% used [0x00000000f9580000,0x00000000fb1fdb60,0x00000000fb200000)
  to   space 35840K, 0% used [0x00000000f7280000,0x00000000f7280000,0x00000000f9580000)
 ParOldGen       total 229888K, used 62632K [0x00000000a0000000, 0x00000000ae080000, 0x00000000e0000000)
  object space 229888K, 27% used [0x00000000a0000000,0x00000000a3d2a3f0,0x00000000ae080000)
 Metaspace       used 102109K, capacity 109226K, committed 109352K, reserved 1144832K
  class space    used 13107K, capacity 14376K, committed 14376K, reserved 1048576K
GC Heap History (10 events):
Event: 6395.561 GC heap before
{Heap before GC invocations=26 (full 4):
 PSYoungGen      total 271872K, used 269221K [0x00000000e0000000, 0x00000000f5900000, 0x0000000100000000)
  eden space 246784K, 100% used [0x00000000e0000000,0x00000000ef100000,0x00000000ef100000)
  from space 25088K, 89% used [0x00000000ef100000,0x00000000f06e95a8,0x00000000f0980000)
  to   space 27136K, 0% used [0x00000000f3e80000,0x00000000f3e80000,0x00000000f5900000)
 ParOldGen       total 229888K, used 40886K [0x00000000a0000000, 0x00000000ae080000, 0x00000000e0000000)
  object space 229888K, 17% used [0x00000000a0000000,0x00000000a27ed928,0x00000000ae080000)
 Metaspace       used 99448K, capacity 105890K, committed 106024K, reserved 1140736K
  class space    used 12887K, capacity 14044K, committed 14120K, reserved 1048576K
Event: 6395.598 GC heap after
Heap after GC invocations=26 (full 4):
 PSYoungGen      total 323584K, used 25039K [0x00000000e0000000, 0x00000000f5e80000, 0x0000000100000000)
  eden space 296448K, 0% used [0x00000000e0000000,0x00000000e0000000,0x00000000f2180000)
  from space 27136K, 92% used [0x00000000f3e80000,0x00000000f56f3f18,0x00000000f5900000)
  to   space 29696K, 0% used [0x00000000f2180000,0x00000000f2180000,0x00000000f3e80000)
 ParOldGen       total 229888K, used 40894K [0x00000000a0000000, 0x00000000ae080000, 0x00000000e0000000)
  object space 229888K, 17% used [0x00000000a0000000,0x00000000a27ef928,0x00000000ae080000)
 Metaspace       used 99448K, capacity 105890K, committed 106024K, reserved 1140736K
  class space    used 12887K, capacity 14044K, committed 14120K, reserved 1048576K
}
Event: 6401.445 GC heap before
{Heap before GC invocations=27 (full 4):
 PSYoungGen      total 323584K, used 321487K [0x00000000e0000000, 0x00000000f5e80000, 0x0000000100000000)
  eden space 296448K, 100% used [0x00000000e0000000,0x00000000f2180000,0x00000000f2180000)
  from space 27136K, 92% used [0x00000000f3e80000,0x00000000f56f3f18,0x00000000f5900000)
  to   space 29696K, 0% used [0x00000000f2180000,0x00000000f2180000,0x00000000f3e80000)
 ParOldGen       total 229888K, used 40894K [0x00000000a0000000, 0x00000000ae080000, 0x00000000e0000000)
  object space 229888K, 17% used [0x00000000a0000000,0x00000000a27ef928,0x00000000ae080000)
 Metaspace       used 100212K, capacity 106744K, committed 106792K, reserved 1142784K
  class space    used 12913K, capacity 14091K, committed 14120K, reserved 1048576K
Event: 6401.506 GC heap after
Heap after GC invocations=27 (full 4):
 PSYoungGen      total 326144K, used 13638K [0x00000000e0000000, 0x00000000f9380000, 0x0000000100000000)
  eden space 296448K, 0% used [0x00000000e0000000,0x00000000e0000000,0x00000000f2180000)
  from space 29696K, 45% used [0x00000000f2180000,0x00000000f2ed1830,0x00000000f3e80000)
  to   space 28672K, 0% used [0x00000000f7780000,0x00000000f7780000,0x00000000f9380000)
 ParOldGen       total 229888K, used 52486K [0x00000000a0000000, 0x00000000ae080000, 0x00000000e0000000)
  object space 229888K, 22% used [0x00000000a0000000,0x00000000a33418e8,0x00000000ae080000)
 Metaspace       used 100212K, capacity 106744K, committed 106792K, reserved 1142784K
  class space    used 12913K, capacity 14091K, committed 14120K, reserved 1048576K
}
Event: 6687.870 GC heap before
{Heap before GC invocations=28 (full 4):
 PSYoungGen      total 326144K, used 310086K [0x00000000e0000000, 0x00000000f9380000, 0x0000000100000000)
  eden space 296448K, 100% used [0x00000000e0000000,0x00000000f2180000,0x00000000f2180000)
  from space 29696K, 45% used [0x00000000f2180000,0x00000000f2ed1830,0x00000000f3e80000)
  to   space 28672K, 0% used [0x00000000f7780000,0x00000000f7780000,0x00000000f9380000)
 ParOldGen       total 229888K, used 52486K [0x00000000a0000000, 0x00000000ae080000, 0x00000000e0000000)
  object space 229888K, 22% used [0x00000000a0000000,0x00000000a33418e8,0x00000000ae080000)
 Metaspace       used 100768K, capacity 107608K, committed 107688K, reserved 1142784K
  class space    used 12971K, capacity 14191K, committed 14248K, reserved 1048576K
Event: 6687.985 GC heap after
Heap after GC invocations=28 (full 4):
 PSYoungGen      total 370176K, used 22497K [0x00000000e0000000, 0x00000000f8d80000, 0x0000000100000000)
  eden space 347648K, 0% used [0x00000000e0000000,0x00000000e0000000,0x00000000f5380000)
  from space 22528K, 99% used [0x00000000f7780000,0x00000000f8d78798,0x00000000f8d80000)
  to   space 29696K, 0% used [0x00000000f5380000,0x00000000f5380000,0x00000000f7080000)
 ParOldGen       total 229888K, used 53666K [0x00000000a0000000, 0x00000000ae080000, 0x00000000e0000000)
  object space 229888K, 23% used [0x00000000a0000000,0x00000000a3468930,0x00000000ae080000)
 Metaspace       used 100768K, capacity 107608K, committed 107688K, reserved 1142784K
  class space    used 12971K, capacity 14191K, committed 14248K, reserved 1048576K
}
Event: 6713.846 GC heap before
{Heap before GC invocations=29 (full 4):
 PSYoungGen      total 370176K, used 370145K [0x00000000e0000000, 0x00000000f8d80000, 0x0000000100000000)
  eden space 347648K, 100% used [0x00000000e0000000,0x00000000f5380000,0x00000000f5380000)
  from space 22528K, 99% used [0x00000000f7780000,0x00000000f8d78798,0x00000000f8d80000)
  to   space 29696K, 0% used [0x00000000f5380000,0x00000000f5380000,0x00000000f7080000)
 ParOldGen       total 229888K, used 53666K [0x00000000a0000000, 0x00000000ae080000, 0x00000000e0000000)
  object space 229888K, 23% used [0x00000000a0000000,0x00000000a3468930,0x00000000ae080000)
 Metaspace       used 101496K, capacity 108482K, committed 108584K, reserved 1142784K
  class space    used 13021K, capacity 14276K, committed 14376K, reserved 1048576K
Event: 6713.876 GC heap after
Heap after GC invocations=29 (full 4):
 PSYoungGen      total 377344K, used 18283K [0x00000000e0000000, 0x00000000fb200000, 0x0000000100000000)
  eden space 347648K, 0% used [0x00000000e0000000,0x00000000e0000000,0x00000000f5380000)
  from space 29696K, 61% used [0x00000000f5380000,0x00000000f655af38,0x00000000f7080000)
  to   space 29184K, 0% used [0x00000000f9580000,0x00000000f9580000,0x00000000fb200000)
 ParOldGen       total 229888K, used 53674K [0x00000000a0000000, 0x00000000ae080000, 0x00000000e0000000)
  object space 229888K, 23% used [0x00000000a0000000,0x00000000a346a930,0x00000000ae080000)
 Metaspace       used 101496K, capacity 108482K, committed 108584K, reserved 1142784K
  class space    used 13021K, capacity 14276K, committed 14376K, reserved 1048576K
}
Event: 6752.349 GC heap before
{Heap before GC invocations=30 (full 4):
 PSYoungGen      total 377344K, used 365931K [0x00000000e0000000, 0x00000000fb200000, 0x0000000100000000)
  eden space 347648K, 100% used [0x00000000e0000000,0x00000000f5380000,0x00000000f5380000)
  from space 29696K, 61% used [0x00000000f5380000,0x00000000f655af38,0x00000000f7080000)
  to   space 29184K, 0% used [0x00000000f9580000,0x00000000f9580000,0x00000000fb200000)
 ParOldGen       total 229888K, used 53674K [0x00000000a0000000, 0x00000000ae080000, 0x00000000e0000000)
  object space 229888K, 23% used [0x00000000a0000000,0x00000000a346a930,0x00000000ae080000)
 Metaspace       used 102105K, capacity 109226K, committed 109352K, reserved 1144832K
  class space    used 13107K, capacity 14376K, committed 14376K, reserved 1048576K
Event: 6752.403 GC heap after
Heap after GC invocations=30 (full 4):
 PSYoungGen      total 408576K, used 29174K [0x00000000e0000000, 0x00000000fb980000, 0x0000000100000000)
  eden space 379392K, 0% used [0x00000000e0000000,0x00000000e0000000,0x00000000f7280000)
  from space 29184K, 99% used [0x00000000f9580000,0x00000000fb1fdb60,0x00000000fb200000)
  to   space 35840K, 0% used [0x00000000f7280000,0x00000000f7280000,0x00000000f9580000)
 ParOldGen       total 229888K, used 62632K [0x00000000a0000000, 0x00000000ae080000, 0x00000000e0000000)
  object space 229888K, 27% used [0x00000000a0000000,0x00000000a3d2a3f0,0x00000000ae080000)
 Metaspace       used 102105K, capacity 109226K, committed 109352K, reserved 1144832K
  class space    used 13107K, capacity 14376K, committed 14376K, reserved 1048576K
}

