# JRE version: OpenJDK Runtime Environment (8.0_212-b04) (build 1.8.0_212-release-1586-b04)
# Java VM: OpenJDK 64-Bit Server VM (25.212-b04 mixed mode windows-amd64 compressed oops)
Heap:
 PSYoungGen      total 175104K, used 58991K [0x00000000e0000000, 0x00000000ec400000, 0x0000000100000000)
  eden space 162816K, 28% used [0x00000000e0000000,0x00000000e2da1310,0x00000000e9f00000)
  from space 12288K, 99% used [0x00000000eb800000,0x00000000ec3fab00,0x00000000ec400000)
  to   space 14848K, 0% used [0x00000000ea700000,0x00000000ea700000,0x00000000eb580000)
 ParOldGen       total 140800K, used 19825K [0x00000000a0000000, 0x00000000a8980000, 0x00000000e0000000)
  object space 140800K, 14% used [0x00000000a0000000,0x00000000a135c4e0,0x00000000a8980000)
 Metaspace       used 49997K, capacity 51396K, committed 51496K, reserved 1093632K
  class space    used 6766K, capacity 7121K, committed 7208K, reserved 1048576K
GC Heap History (10 events):
Event: 7.278 GC heap before
{Heap before GC invocations=6 (full 1):
 PSYoungGen      total 75776K, used 65024K [0x00000000e0000000, 0x00000000e9400000, 0x0000000100000000)
  eden space 65024K, 100% used [0x00000000e0000000,0x00000000e3f80000,0x00000000e3f80000)
  from space 10752K, 0% used [0x00000000e4a00000,0x00000000e4a00000,0x00000000e5480000)
  to   space 10752K, 0% used [0x00000000e3f80000,0x00000000e3f80000,0x00000000e4a00000)
 ParOldGen       total 92160K, used 7701K [0x00000000a0000000, 0x00000000a5a00000, 0x00000000e0000000)
  object space 92160K, 8% used [0x00000000a0000000,0x00000000a0785640,0x00000000a5a00000)
 Metaspace       used 29048K, capacity 29590K, committed 29824K, reserved 1075200K
  class space    used 3913K, capacity 4097K, committed 4224K, reserved 1048576K
Event: 7.285 GC heap after
Heap after GC invocations=6 (full 1):
 PSYoungGen      total 75776K, used 8070K [0x00000000e0000000, 0x00000000e8280000, 0x0000000100000000)
  eden space 65024K, 0% used [0x00000000e0000000,0x00000000e0000000,0x00000000e3f80000)
  from space 10752K, 75% used [0x00000000e3f80000,0x00000000e4761820,0x00000000e4a00000)
  to   space 12288K, 0% used [0x00000000e7680000,0x00000000e7680000,0x00000000e8280000)
 ParOldGen       total 92160K, used 7709K [0x00000000a0000000, 0x00000000a5a00000, 0x00000000e0000000)
  object space 92160K, 8% used [0x00000000a0000000,0x00000000a0787640,0x00000000a5a00000)
 Metaspace       used 29048K, capacity 29590K, committed 29824K, reserved 1075200K
  class space    used 3913K, capacity 4097K, committed 4224K, reserved 1048576K
}
Event: 7.955 GC heap before
{Heap before GC invocations=7 (full 1):
 PSYoungGen      total 75776K, used 73094K [0x00000000e0000000, 0x00000000e8280000, 0x0000000100000000)
  eden space 65024K, 100% used [0x00000000e0000000,0x00000000e3f80000,0x00000000e3f80000)
  from space 10752K, 75% used [0x00000000e3f80000,0x00000000e4761820,0x00000000e4a00000)
  to   space 12288K, 0% used [0x00000000e7680000,0x00000000e7680000,0x00000000e8280000)
 ParOldGen       total 92160K, used 7709K [0x00000000a0000000, 0x00000000a5a00000, 0x00000000e0000000)
  object space 92160K, 8% used [0x00000000a0000000,0x00000000a0787640,0x00000000a5a00000)
 Metaspace       used 32077K, capacity 32660K, committed 32768K, reserved 1077248K
  class space    used 4403K, capacity 4587K, committed 4608K, reserved 1048576K
Event: 7.965 GC heap after
Heap after GC invocations=7 (full 1):
 PSYoungGen      total 119296K, used 8335K [0x00000000e0000000, 0x00000000e8100000, 0x0000000100000000)
  eden space 108544K, 0% used [0x00000000e0000000,0x00000000e0000000,0x00000000e6a00000)
  from space 10752K, 77% used [0x00000000e7680000,0x00000000e7ea3c38,0x00000000e8100000)
  to   space 11776K, 0% used [0x00000000e6a00000,0x00000000e6a00000,0x00000000e7580000)
 ParOldGen       total 92160K, used 7717K [0x00000000a0000000, 0x00000000a5a00000, 0x00000000e0000000)
  object space 92160K, 8% used [0x00000000a0000000,0x00000000a0789640,0x00000000a5a00000)
 Metaspace       used 32077K, capacity 32660K, committed 32768K, reserved 1077248K
  class space    used 4403K, capacity 4587K, committed 4608K, reserved 1048576K
}
Event: 9.576 GC heap before
{Heap before GC invocations=8 (full 1):
 PSYoungGen      total 119296K, used 67458K [0x00000000e0000000, 0x00000000e8100000, 0x0000000100000000)
  eden space 108544K, 54% used [0x00000000e0000000,0x00000000e39bcfa0,0x00000000e6a00000)
  from space 10752K, 77% used [0x00000000e7680000,0x00000000e7ea3c38,0x00000000e8100000)
  to   space 11776K, 0% used [0x00000000e6a00000,0x00000000e6a00000,0x00000000e7580000)
 ParOldGen       total 92160K, used 7717K [0x00000000a0000000, 0x00000000a5a00000, 0x00000000e0000000)
  object space 92160K, 8% used [0x00000000a0000000,0x00000000a0789640,0x00000000a5a00000)
 Metaspace       used 34631K, capacity 35424K, committed 35496K, reserved 1079296K
  class space    used 4760K, capacity 4995K, committed 5032K, reserved 1048576K
Event: 9.584 GC heap after
Heap after GC invocations=8 (full 1):
 PSYoungGen      total 120320K, used 10100K [0x00000000e0000000, 0x00000000ec400000, 0x0000000100000000)
  eden space 108544K, 0% used [0x00000000e0000000,0x00000000e0000000,0x00000000e6a00000)
  from space 11776K, 85% used [0x00000000e6a00000,0x00000000e73dd2a0,0x00000000e7580000)
  to   space 12288K, 0% used [0x00000000eb800000,0x00000000eb800000,0x00000000ec400000)
 ParOldGen       total 92160K, used 7725K [0x00000000a0000000, 0x00000000a5a00000, 0x00000000e0000000)
  object space 92160K, 8% used [0x00000000a0000000,0x00000000a078b640,0x00000000a5a00000)
 Metaspace       used 34631K, capacity 35424K, committed 35496K, reserved 1079296K
  class space    used 4760K, capacity 4995K, committed 5032K, reserved 1048576K
}
Event: 9.584 GC heap before
{Heap before GC invocations=9 (full 2):
 PSYoungGen      total 120320K, used 10100K [0x00000000e0000000, 0x00000000ec400000, 0x0000000100000000)
  eden space 108544K, 0% used [0x00000000e0000000,0x00000000e0000000,0x00000000e6a00000)
  from space 11776K, 85% used [0x00000000e6a00000,0x00000000e73dd2a0,0x00000000e7580000)
  to   space 12288K, 0% used [0x00000000eb800000,0x00000000eb800000,0x00000000ec400000)
 ParOldGen       total 92160K, used 7725K [0x00000000a0000000, 0x00000000a5a00000, 0x00000000e0000000)
  object space 92160K, 8% used [0x00000000a0000000,0x00000000a078b640,0x00000000a5a00000)
 Metaspace       used 34631K, capacity 35424K, committed 35496K, reserved 1079296K
  class space    used 4760K, capacity 4995K, committed 5032K, reserved 1048576K
Event: 9.650 GC heap after
Heap after GC invocations=9 (full 2):
 PSYoungGen      total 120320K, used 0K [0x00000000e0000000, 0x00000000ec400000, 0x0000000100000000)
  eden space 108544K, 0% used [0x00000000e0000000,0x00000000e0000000,0x00000000e6a00000)
  from space 11776K, 0% used [0x00000000e6a00000,0x00000000e6a00000,0x00000000e7580000)
  to   space 12288K, 0% used [0x00000000eb800000,0x00000000eb800000,0x00000000ec400000)
 ParOldGen       total 140800K, used 16820K [0x00000000a0000000, 0x00000000a8980000, 0x00000000e0000000)
  object space 140800K, 11% used [0x00000000a0000000,0x00000000a106d150,0x00000000a8980000)
 Metaspace       used 34617K, capacity 35376K, committed 35496K, reserved 1079296K
  class space    used 4755K, capacity 4987K, committed 5032K, reserved 1048576K
}
Event: 11.099 GC heap before
{Heap before GC invocations=10 (full 2):
 PSYoungGen      total 120320K, used 108544K [0x00000000e0000000, 0x00000000ec400000, 0x0000000100000000)
  eden space 108544K, 100% used [0x00000000e0000000,0x00000000e6a00000,0x00000000e6a00000)
  from space 11776K, 0% used [0x00000000e6a00000,0x00000000e6a00000,0x00000000e7580000)
  to   space 12288K, 0% used [0x00000000eb800000,0x00000000eb800000,0x00000000ec400000)
 ParOldGen       total 140800K, used 16820K [0x00000000a0000000, 0x00000000a8980000, 0x00000000e0000000)
  object space 140800K, 11% used [0x00000000a0000000,0x00000000a106d150,0x00000000a8980000)
 Metaspace       used 45329K, capacity 46400K, committed 46632K, reserved 1089536K
  class space    used 6095K, capacity 6392K, committed 6440K, reserved 1048576K
Event: 11.110 GC heap after
Heap after GC invocations=10 (full 2):
 PSYoungGen      total 175104K, used 12266K [0x00000000e0000000, 0x00000000ec400000, 0x0000000100000000)
  eden space 162816K, 0% used [0x00000000e0000000,0x00000000e0000000,0x00000000e9f00000)
  from space 12288K, 99% used [0x00000000eb800000,0x00000000ec3fab00,0x00000000ec400000)
  to   space 14848K, 0% used [0x00000000ea700000,0x00000000ea700000,0x00000000eb580000)
 ParOldGen       total 140800K, used 19825K [0x00000000a0000000, 0x00000000a8980000, 0x00000000e0000000)
  object space 140800K, 14% used [0x00000000a0000000,0x00000000a135c4e0,0x00000000a8980000)
 Metaspace       used 45329K, capacity 46400K, committed 46632K, reserved 1089536K
  class space    used 6095K, capacity 6392K, committed 6440K, reserved 1048576K
}

